2023-04-06 09:24:29,899 INFO b.m.Bot [ForkJoinPool.commonPool-worker-1] Begun bot initialization
2023-04-06 09:24:29,923 INFO b.m.Bot [ForkJoinPool.commonPool-worker-1] Starting bot creation
2023-04-06 09:24:29,923 INFO b.m.Console [Thread-5] The console is active
2023-04-06 09:24:29,927 INFO b.m.Bot [ForkJoinPool.commonPool-worker-1] Successfully read bot key.
Starting jda building.
2023-04-06 09:25:23,911 INFO b.m.Responder [ForkJoinPool.commonPool-worker-1] Created Responder
2023-04-06 09:25:24,854 INFO n.d.j.a.JDA [ForkJoinPool.commonPool-worker-1] Login Successful!
2023-04-06 09:25:25,074 INFO n.d.j.i.r.WebSocketClient [JDA MainWS-ReadThread] Connected to WebSocket
2023-04-06 09:25:25,316 INFO n.d.j.a.JDA [JDA MainWS-ReadThread] Finished Loading!
2023-04-06 09:25:25,326 INFO b.m.Bot [ForkJoinPool.commonPool-worker-1] Completed bot creation
2023-04-06 09:25:25,993 INFO b.b.o.Connector [ForkJoinPool.commonPool-worker-1] Connector was created successfully
2023-04-06 09:25:26,717 INFO b.c.Command$Companion [ForkJoinPool.commonPool-worker-1] The command dota2 successfully validated connection
2023-04-06 09:25:27,027 INFO b.m.Bot$CentralProcess [Thread-18] The last daily update was on 3/4
2023-04-06 09:25:27,028 INFO b.m.Bot$CentralProcess [Thread-18] The current date is: 6/4
2023-04-06 09:32:32,253 INFO b.m.Bot [ForkJoinPool.commonPool-worker-1] Begun bot initialization
2023-04-06 09:32:32,257 INFO b.m.Bot [ForkJoinPool.commonPool-worker-1] Starting bot creation
2023-04-06 09:32:32,257 INFO b.m.Console [Thread-5] The console is active
2023-04-06 09:32:32,258 INFO b.m.Bot [ForkJoinPool.commonPool-worker-1] Successfully read bot key.
Starting jda building.
2023-04-06 09:33:26,660 INFO b.m.Responder [ForkJoinPool.commonPool-worker-1] Created Responder
2023-04-06 09:33:27,370 INFO n.d.j.a.JDA [ForkJoinPool.commonPool-worker-1] Login Successful!
2023-04-06 09:33:27,588 INFO n.d.j.i.r.WebSocketClient [JDA MainWS-WriteThread] Connected to WebSocket
2023-04-06 09:33:27,879 INFO n.d.j.a.JDA [JDA MainWS-ReadThread] Finished Loading!
2023-04-06 09:33:27,907 INFO b.m.Bot [ForkJoinPool.commonPool-worker-1] Completed bot creation
2023-04-06 09:33:28,241 INFO b.b.o.Connector [ForkJoinPool.commonPool-worker-1] Connector was created successfully
2023-04-06 09:33:28,953 INFO b.c.Command$Companion [ForkJoinPool.commonPool-worker-1] The command dota2 successfully validated connection
2023-04-06 09:33:29,376 INFO b.m.Bot$CentralProcess [Thread-18] The last daily update was on 6/4
2023-04-06 09:33:29,376 INFO b.m.Bot$CentralProcess [Thread-18] The current date is: 6/4
2023-04-06 10:03:22,362 WARN n.d.j.i.r.WebSocketClient [JDA MainWS-ReadThread] Reconnect failed! Next attempt in 2s
2023-04-06 17:59:51,315 WARN n.d.j.i.r.WebSocketClient [JDA MainWS-ReadThread] Reconnect failed! Next attempt in 4s
2023-04-06 17:59:55,319 WARN n.d.j.i.r.WebSocketClient [JDA MainWS-ReadThread] Reconnect failed! Next attempt in 8s
2023-04-06 18:00:03,602 WARN n.d.j.i.r.WebSocketClient [JDA MainWS-ReadThread] Got disconnected from WebSocket (Code 1000). Appending to reconnect queue
2023-04-06 18:00:19,750 INFO n.d.j.i.r.WebSocketClient [JDA MainWS-ReadThread] Connected to WebSocket
2023-04-06 18:00:20,046 INFO n.d.j.a.JDA [JDA MainWS-ReadThread] Finished (Re)Loading!
